app/build/intermediates/manifest_merge_blame_file/debug/manifest-merger-blame-debug-report.txt
1<?xml version="1.0" encoding="utf-8"?>
2<manifest xmlns:android="http://schemas.android.com/apk/res/android"
3    package="com.tanamo.dicto"
4    android:versionCode="3"
5    android:versionName="1.0" >
6
7    <uses-sdk
7-->src/main/AndroidManifest.xml:6:5-59
8        android:minSdkVersion="16"
8-->src/main/AndroidManifest.xml:6:5-59
9        android:targetSdkVersion="30" />
9-->src/main/AndroidManifest.xml:6:5-59
10
11    <uses-permission android:name="android.permission.ACCESS_NETWORK_STATE" />
11-->src/main/AndroidManifest.xml:7:5-79
11-->src/main/AndroidManifest.xml:7:22-76
12    <uses-permission android:name="android.permission.INTERNET" />
12-->src/main/AndroidManifest.xml:8:5-67
12-->src/main/AndroidManifest.xml:8:22-64
13
14    <supports-screens
14-->src/main/AndroidManifest.xml:10:5-14:39
15        android:anyDensity="true"
15-->src/main/AndroidManifest.xml:11:9-34
16        android:largeScreens="true"
16-->src/main/AndroidManifest.xml:12:9-36
17        android:normalScreens="true"
17-->src/main/AndroidManifest.xml:13:9-37
18        android:smallScreens="true" />
18-->src/main/AndroidManifest.xml:14:9-36
19
20    <application
20-->src/main/AndroidManifest.xml:16:5-74:19
21        android:name="com.tanamo.dicto.Tanacom"
21-->src/main/AndroidManifest.xml:17:9-48
22        android:allowBackup="true"
22-->src/main/AndroidManifest.xml:18:9-35
23        android:appComponentFactory="androidx.core.app.CoreComponentFactory"
23-->[androidx.core:core:1.3.1] AndroidManifest.xml:24:18-86
24        android:debuggable="true"
25        android:icon="@mipmap/ic_launcher"
25-->src/main/AndroidManifest.xml:19:9-43
26        android:label="@string/app_name"
26-->src/main/AndroidManifest.xml:20:9-41
27        android:testOnly="true"
28        android:theme="@style/AppTheme" >
28-->src/main/AndroidManifest.xml:21:9-40
29        <activity
29-->src/main/AndroidManifest.xml:23:9-30:20
30            android:name="com.tanamo.dicto.ui.Flash"
30-->src/main/AndroidManifest.xml:24:13-53
31            android:label="@string/app_name" >
31-->src/main/AndroidManifest.xml:25:13-45
32            <intent-filter>
32-->src/main/AndroidManifest.xml:26:13-29:29
33                <action android:name="android.intent.action.MAIN" />
33-->src/main/AndroidManifest.xml:27:17-69
33-->src/main/AndroidManifest.xml:27:25-66
34
35                <category android:name="android.intent.category.LAUNCHER" />
35-->src/main/AndroidManifest.xml:28:17-77
35-->src/main/AndroidManifest.xml:28:27-74
36            </intent-filter>
37        </activity>
38        <activity
38-->src/main/AndroidManifest.xml:32:9-41:20
39            android:name="com.tanamo.dicto.ui.MainActivity"
39-->src/main/AndroidManifest.xml:33:13-60
40            android:label="@string/app_name"
40-->src/main/AndroidManifest.xml:34:13-45
41            android:theme="@style/AppTheme" >
41-->src/main/AndroidManifest.xml:35:13-44
42            <intent-filter>
42-->src/main/AndroidManifest.xml:37:13-39:29
43                <category android:name="android.intent.category.DEFAULT" />
43-->src/main/AndroidManifest.xml:38:17-76
43-->src/main/AndroidManifest.xml:38:27-73
44            </intent-filter>
45        </activity>
46        <activity
46-->src/main/AndroidManifest.xml:43:9-52:20
47            android:name="com.tanamo.dicto.ui.Apc"
47-->src/main/AndroidManifest.xml:44:13-51
48            android:label="@string/app_name"
48-->src/main/AndroidManifest.xml:45:13-45
49            android:theme="@style/AppTheme" >
49-->src/main/AndroidManifest.xml:46:13-44
50            <intent-filter>
50-->src/main/AndroidManifest.xml:37:13-39:29
51                <category android:name="android.intent.category.DEFAULT" />
51-->src/main/AndroidManifest.xml:38:17-76
51-->src/main/AndroidManifest.xml:38:27-73
52            </intent-filter>
53        </activity>
54        <activity
54-->src/main/AndroidManifest.xml:54:9-57:47
55            android:name="com.tanamo.dicto.ui.Ques"
55-->src/main/AndroidManifest.xml:55:13-52
56            android:label="@string/app_name"
56-->src/main/AndroidManifest.xml:56:13-45
57            android:theme="@style/AppTheme" />
57-->src/main/AndroidManifest.xml:57:13-44
58        <activity
58-->src/main/AndroidManifest.xml:59:9-62:47
59            android:name="com.tanamo.dicto.ui.Ques2"
59-->src/main/AndroidManifest.xml:60:13-53
60            android:label="@string/app_name"
60-->src/main/AndroidManifest.xml:61:13-45
61            android:theme="@style/AppTheme" />
61-->src/main/AndroidManifest.xml:62:13-44
62
63        <!-- <activity -->
64        <!-- android:name="com.google.android.gms.ads.AdActivity" -->
65        <!-- android:configChanges="keyboard|keyboardHidden|orientation|screenLayout|uiMode|screenSize|smallestScreenSize" -->
66        <!-- android:theme="@android:style/Theme.Translucent" /> -->
67
68
69        <!-- <meta-data -->
70        <!-- android:name="com.google.android.gms.version" -->
71        <!-- android:value="@integer/google_play_services_version" /> -->
72
73    </application>
74
75</manifest>